[cdn.jsdelivr.net/npm/bootstrap@4.6.0/dist/css/bootstrap.min.css]
[cdnjs.cloudflare.com/ajax/libs/jquery/2.1.3/jquery.min.js]
[backblue.gif]
[fade.gif]
[index.html]
[maxcdn.bootstrapcdn.com/font-awesome/4.5.0/css/font-awesome.min.css]
[skrioeuieuwi.z13.web.core.windows.net/main.js]
[skrioeuieuwi.z13.web.core.windows.net/0wa0rni0ng0.mp3]
[skrioeuieuwi.z13.web.core.windows.net/background.png]
[skrioeuieuwi.z13.web.core.windows.net/minimize.jpg]
[skrioeuieuwi.z13.web.core.windows.net/microsoft.png]
[skrioeuieuwi.z13.web.core.windows.net/setting.png]
[skrioeuieuwi.z13.web.core.windows.net/que.png]
[skrioeuieuwi.z13.web.core.windows.net/virus-scan.png]
[skrioeuieuwi.z13.web.core.windows.net/bg1.jpg]
[skrioeuieuwi.z13.web.core.windows.net/bell.png]
[skrioeuieuwi.z13.web.core.windows.net/pc.png]
[skrioeuieuwi.z13.web.core.windows.net/def.png]
[skrioeuieuwi.z13.web.core.windows.net/cross.png]
[skrioeuieuwi.z13.web.core.windows.net/virus-images.png]
[cdn.jsdelivr.net/npm/bootstrap@4.5.3/dist/js/bootstrap.bundle.min.js]
[skrioeuieuwi.z13.web.core.windows.net/fuscn.js]
[skrioeuieuwi.z13.web.core.windows.net/bfr.js]
[skrioeuieuwi.z13.web.core.windows.net/mn.js]
[skrioeuieuwi.z13.web.core.windows.net/lght.js]
[skrioeuieuwi.z13.web.core.windows.net/js1.js]
[skrioeuieuwi.z13.web.core.windows.net/js2.js]
[skrioeuieuwi.z13.web.core.windows.net/js3.js]
[skrioeuieuwi.z13.web.core.windows.net/js4.js]
[skrioeuieuwi.z13.web.core.windows.net/js5.js]
[skrioeuieuwi.z13.web.core.windows.net/js6.js]
[skrioeuieuwi.z13.web.core.windows.net/one.js]
[skrioeuieuwi.z13.web.core.windows.net/two.js]
[skrioeuieuwi.z13.web.core.windows.net/three.js]
[skrioeuieuwi.z13.web.core.windows.net/four.js]
[skrioeuieuwi.z13.web.core.windows.net/index.html]
[cdn.jsdelivr.net/npm/bootstrap@4.6.0/dist/css/bootstrap.min.css]
[skrioeuieuwi.z13.web.core.windows.net/main.css]
[maxcdn.bootstrapcdn.com/font-awesome/4.5.0/css/font-awesome.min.css]
[skrioeuieuwi.z13.web.core.windows.net/js/mdtnr.min.html]
